{"C:\\dev\\intellect-fox\\if-js\\src\\module.js": {"path":"C:\\dev\\intellect-fox\\if-js\\src\\module.js","statementMap":{"0":{"start":{"line":1,"column":12},"end":{"line":1,"column":31}},"1":{"start":{"line":1,"column":19},"end":{"line":1,"column":31}},"2":{"start":{"line":1,"column":26},"end":{"line":1,"column":31}}},"fnMap":{"0":{"name":"(anonymous_0)","decl":{"start":{"line":1,"column":12},"end":{"line":1,"column":13}},"loc":{"start":{"line":1,"column":19},"end":{"line":1,"column":31}},"line":1},"1":{"name":"(anonymous_1)","decl":{"start":{"line":1,"column":19},"end":{"line":1,"column":20}},"loc":{"start":{"line":1,"column":26},"end":{"line":1,"column":31}},"line":1}},"branchMap":{},"s":{"0":1,"1":1,"2":1},"f":{"0":1,"1":1},"b":{},"_coverageSchema":"1a1c01bbd47fc00a2c39e90264f33305004495a9","hash":"ac994fc015a52cf0a6d863eb94b244ffba7d6a7a"}
}
